<?xml version="1.0" encoding="UTF-8"?>
<!-- Generated by org.testng.reporters.JUnitReportReporter -->
<testsuite hostname="MAVBCP2583" failures="0" tests="1" name="TestNg.NewTest" time="0.006" errors="0" timestamp="2021-07-04T21:58:17 IST" skipped="0">
  <testcase classname="TestNg.NewTest" name="f" time="0.006"/>
  <system-out/>
</testsuite> <!-- TestNg.NewTest -->
